SF:lib\app.dart
DA:10,1
DA:12,1
DA:14,1
DA:17,1
DA:18,2
DA:21,1
DA:22,1
LF:7
LH:7
end_of_record
SF:lib\view\auth\login_view.dart
DA:10,0
DA:12,0
DA:15,0
DA:16,0
DA:17,0
DA:18,0
DA:20,0
DA:21,0
DA:23,0
DA:24,0
DA:26,0
DA:34,0
DA:36,0
DA:37,0
DA:40,0
DA:43,0
DA:44,0
DA:45,0
DA:47,0
DA:48,0
DA:49,0
DA:51,0
DA:52,0
DA:57,0
DA:58,0
DA:62,0
DA:64,0
DA:65,0
DA:66,0
DA:69,0
DA:70,0
DA:82,0
DA:83,0
DA:84,0
DA:85,0
DA:98,0
LF:36
LH:0
end_of_record
SF:lib\utils\theme\theme.dart
DA:13,3
DA:19,1
DA:20,1
DA:21,1
DA:22,1
DA:23,1
DA:25,1
DA:26,1
DA:30,3
DA:36,1
DA:37,1
DA:38,1
DA:39,1
DA:40,1
DA:42,1
DA:43,1
LF:16
LH:16
end_of_record
SF:lib\utils\translations\localization_service.dart
DA:5,1
DA:6,1
DA:7,1
DA:8,1
LF:4
LH:4
end_of_record
SF:lib\view\auth\register_view.dart
DA:11,1
DA:13,1
DA:15,1
DA:16,1
DA:17,1
DA:18,1
DA:19,1
DA:20,1
DA:21,1
DA:23,1
DA:24,1
DA:26,1
DA:28,1
DA:29,1
DA:30,1
DA:31,1
DA:34,1
DA:47,1
DA:50,0
DA:55,1
DA:59,0
DA:64,1
DA:68,0
DA:69,0
DA:74,2
DA:75,1
DA:76,1
DA:77,1
DA:79,1
DA:80,1
DA:81,1
DA:85,0
DA:86,0
DA:90,0
DA:91,0
DA:97,2
DA:98,1
DA:99,1
DA:100,1
DA:102,1
DA:103,1
DA:104,1
DA:108,0
DA:109,0
DA:113,0
DA:114,0
DA:117,2
DA:118,1
DA:119,2
DA:124,1
DA:125,1
DA:126,1
DA:127,0
DA:128,0
DA:129,0
DA:132,1
DA:133,1
DA:134,1
DA:135,1
DA:136,1
DA:145,1
LF:61
LH:46
end_of_record
SF:lib\utils\theme\extentions\custom_color_extention.dart
DA:7,1
DA:9,0
DA:11,0
DA:14,0
DA:16,0
DA:17,0
LF:6
LH:1
end_of_record
SF:lib\utils\theme\widget_themes\checkbox_theme.dart
DA:9,3
DA:11,2
DA:12,1
DA:18,2
DA:19,1
DA:28,3
DA:30,1
DA:31,0
DA:37,1
DA:38,0
LF:10
LH:8
end_of_record
SF:lib\utils\theme\widget_themes\filled_button_theme.dart
DA:8,3
DA:9,1
DA:19,1
DA:20,1
DA:23,3
DA:24,1
DA:34,1
DA:35,1
LF:8
LH:8
end_of_record
SF:lib\utils\theme\widget_themes\text_field_theme.dart
DA:8,3
DA:11,1
DA:14,1
DA:15,1
DA:18,1
DA:19,1
DA:25,1
DA:26,1
DA:32,1
DA:33,1
DA:42,3
DA:45,1
DA:48,1
DA:49,1
DA:52,1
DA:53,1
DA:59,1
DA:60,1
DA:66,1
DA:67,1
LF:20
LH:20
end_of_record
SF:lib\utils\theme\widget_themes\text_theme.dart
DA:8,3
DA:9,1
DA:10,1
DA:11,1
DA:13,1
DA:14,1
DA:15,1
DA:17,1
DA:18,1
DA:19,2
DA:21,1
DA:22,2
DA:26,3
DA:27,1
DA:28,1
DA:29,1
DA:31,1
DA:32,1
DA:33,1
DA:35,1
DA:36,1
DA:37,2
DA:39,1
DA:40,2
LF:24
LH:24
end_of_record
SF:lib\utils\theme\widget_themes\outlined_button_theme.dart
DA:8,3
DA:9,1
DA:16,1
DA:17,1
DA:22,3
DA:23,1
DA:32,1
DA:33,1
LF:8
LH:8
end_of_record
SF:lib\utils\validator\app_validator.dart
DA:3,0
DA:4,0
DA:9,0
DA:11,0
DA:18,0
DA:19,0
DA:24,0
DA:29,0
DA:34,0
DA:39,0
DA:46,0
DA:47,0
DA:51,0
DA:58,0
DA:59,0
DA:64,0
DA:66,0
DA:73,0
DA:74,0
DA:79,0
DA:81,0
LF:21
LH:0
end_of_record
